cámara_de_la_primera_zona_de_agricultura de ecuador
federación_de_cámaras_de_industriales de ecuador
museo_nacional_de_bellas_artes de argentina
dirección_de_aeronáutica_civil de honduras
jurado_nacional_de_elecciones de perú
famadesa_málaga_costa_del_sol de balonmano
comisión_nacional_de_valores de españa
tribunal_penal_internacional de la_haya
agricultura_y_medio_ambiente de castilla-la_mancha
junta_de_recuento_de_votos de miami-dade
el_tribunal_correccional de parís
representante_comercial de eeuu
dirección_de_migración de panamá
universidad_washington de san_luis
juzgado_de_lo_penal_3 de barcelona
tribunal_correccional de parís
juegos_parolímpicos de sydney
state_hockey_center de sydney
mercado_de_hacienda de liniers
diccionario_secreto de camilo_josé_cela
desierto_occidental de egipto
asuntos_exteriores de gran_bretaña
instituto_nacional de migración
hotel_mandalay_bay de las_vegas
comando_barcelona de eta
atanasio_girardot de medellín
infraestructuras de transportes
estadio_nacional de australia
infraestructuras de telecomunicaciones
juegos_olímpicos de sydney
infraestructuras de carreteras
reconstrucciones de tejido
tribunal_supremo de florida
socialcristianos de baviera
consejo_europeo de niza
desplazamientos de frecuencia
fuerzas_armadas de estados_unidos
circunscripción de murcia
copa_merconorte de fútbol
manifestaciones de juan_antonio_samaranch
fuerzas_armadas de sudáfrica
deslocalización de carga
parque_olímpico de sydney
circunscripción de málaga
responsabilidad de corcuera
indemnizaciones de responsabilidad
infraestructura de transporte
semiconductores de sony
establecimiento de comparaciones
establecimiento de relaciones
consejo_europeo de feira
administración de clinton
requerimientos de entrada
conversaciones de desarme
difuminaciones de matices
representantes de círculos
alfabetización de adultos
comportamiento de público
intermediarios de arte
organizaciones de consumidores
staples_center de los_angeles
circunvalación de valencia
representantes de naciones
inviolabilidad de domicilio
inconvenientes de coste
desplazamiento de frecuencias
almacenamiento de armas
vicepresidente de eeuu
vicepresidente de telefónica
tribunal_penal de la_haya
emparejamiento de cuartos_de_final
universitarios de física
abastecimiento de combustible
vicepresidente de irak
encadenamiento de servidumbres
liberalización de sectores
reconocimiento de españa
plaza_de_armas de cañete
homosexualidad de gere
independencia de croacia
clasificación de goleadores
simultaneidad de relaciones
participación de labastida
club_de_parís de países
concentración de estudiantes
clasificación de artilleros
pseudoesferas de uranio
instalaciones de acea_da_ama
exportaciones de vinos
reclutamiento de menores
incorporación de yugoslavia
peticionarios de asilo
investigación de medicina
concentración de camiones
espontaneidad de mesic
entendimiento de fondo
lugarteniente de arizcuren_ruiz
proliferación de armamentos
entrenamiento de recuperación
investigación de calidad
transferencia de carga
negociaciones de adhesión
oportunidades de internet
falsificación de documentos
privatización de empresas
interrelación de cuestiones
participación de vehículos
negociaciones de paz
informaciones de prensa
representante de arabia_saudí
oportunidades de negocio
representante de perú
entrenamiento de primavera
reclutamiento de activistas
falsificación de matrículas
simpatizantes de kwasniewski
proliferación de masas
incorporación de telefónica
clasificación de tenistas
interlocutora de maría_eugenia_cuenca
inestabilidad de butragueño
negociaciones de lusaka
representante de costa_rica
reclutamiento de niños
contemplación de riesgo
clasificación de origen
difractograma de rayos_x
proliferación de bacterias
procedimiento de shirakawa
transferencia de acciones
exportaciones de uruguay
planteamiento de partido
procedimiento de escrutinio
oportunidades de inversión
stock_options de telefónica
seis_naciones de rugby
negociadores de binimarama
contrarreloj de segovia
discapacidad de cuadros
departamento de bolívar
sintetizador de voz
calificación de riesgo
generalísimo de nerodia
organización de cursos
personalidad de base
descendencia de años
plantaciones de café
intervención de karenna_gore
departamento de medicina_experimental
trabajadores de rover
millonésimas de segundo
dificultades de obtención
autoescuelas de formación
repatriación de restos
conservación de alimentos
sinvergüenza de roldán
estridencias de algarabías
admiraciones de casa
neozelandesa de trabajadores
desaparición de maría_elena
funcionarios de asilo
narcotráfico de carrillo
dificultades de reinserción
solapamiento de orbitales
trabajadores de cdf
competidores de telefónica
totalización de procesos
departamento de marketing
estadísticas de deportaciones
sanguijuelas de ciénagas
coordinación de arabia_saudí
trabajadores de santa_bárbara
construcción de altamira_2
certificados de transformación
comentarista de antena_3_tv
movilización de recursos
contratación de mano
afirmaciones de estadounidenses
protagonista de dinero
proporciones de humedad
malversación de caudales
colaboración de ledesma
asociaciones de productores
ftalocianina de níquel
nombramiento de kabas
proyecciones de chilevid
consecuencia de mutaciones
responsables de hacienda
enfermedades de origen
generalísimo de flandes
laboratorios de basf
ex_compañero de webber
habitaciones de madera
afirmaciones de musa
plantaciones de brasil
colaboración de alemania
laboratorios de investigación
chisporroteo de colorines
contratación de extranjeros
sufrimientos de zznm
coordinadora de participación_y_acción_sectorial
desaparición de zonas
distribución de procesos
detractores de incontinencia
fabricación de alimentos
degustación de pajaritos
situaciones de riesgo
comunidades de cataluña
economistas de wall_street
candidatura de sevilla
demandantes de empleo
modalidades de pago
ocurrencias de marmota
perspectiva de futuro
intercambio de relaciones
presidencia de gustavo_noboa
coordinador de iu-lv-ca
conferencia de presidentes
declaración de independencia
yacimientos de carbón
empresarios de venezuela
eliminación de francisco_clavet
condiciones de vida
combinación de técnica
exportación de granos
posibilidad de freno
condiciones de explotación
corrimiento de frecuencias
candidatura de mesic
persecución de rominger
autoridades de estados_unidos
empresarios de sao_paulo
aseveración de mahuad
proveedores de granos
territorios de soltera
catalizador de ziegler-natta
laboratorio de física
circulación de algroup
circulación de personas
diferencias de precios
propiedades de semiconductores
edificación de estructuras
inclemencia de sara_noriega
cancelación de cupos
comentarios de mori
formaciones de izquierda
detenciones de ciudadanos
recolección de datos
presidentes de cámaras
fabricación de materias
información de telia
desplazados de molucas
operaciones de blanqueo
intenciones de voto
inversiones de empresas
tratamiento de tumores
asalariados de adelshoffen
candidatura de osaka
necesidades de combustible
posibilidad de apelación
conferencia de prensa
destitución de yívkov
exportación de petróleo
compraventa de acciones
propagación de plagas
presidentes de países
inspectores de policía
polisulfuro de fenileno
recaudación de fondos
operaciones de servicios
kraft_foods de bremen
actividades de clinton
prioridades de desarrollo
trayectoria de cantidades
partidarios de chávez
situaciones de enfrentamiento
autoridades de madrid
presidentes de chile
aislamiento de viena
comerciante de vino
ministerios de gobernación
necesidades de información
condiciones de fortalecimiento
comerciante de colonia
disposición de macrociclos
modalidades de nuevo_méxico
acumulación de tarjetas
fabricación de baterías
productores de café
conductores de matriz
injerencias de carácter
ex_ministro de interior
presidencia de felipe_gonzález
santa_laura de santiago
funcionario de ministerio
alrededores de lima
circulación de gco
intenciones de uso
proyectiles de gas
poblaciones de san_pablo
responsable de turismo
utilización de gas
presidencia de carlos_menem
yacimientos de empleo
emergencias de rivalidad
cumbre_opep de caracas
intenciones de rusia
alternativa de oposición
acumulación de impaciencia
explotación de minas
posibilidad de acuerdos
instrumento de ahorro
presidencia de turno
preparación de caldos
empresarios de durango
grabaciones de vídeo
jorge_hoyos de colombia
presidencia de méxico
supervisión de seguridad
popularidad de mesic
fabricantes de ordenadores
institución de crédito
pronósticos de corcuera
eliminación de aranceles
candidatura de pérez_touriño
prohibición de besos
colecciones de tapices
selecciones de jamaica
arqueología de desayuno
empresarios de santander
responsable de ugt
macrociclos de ftalocianinas
centímetros de potencia
lanzamiento de vanina_oneto
intercambio de ataques
experiencia de lucha
prosperidad de europa
ministerios de asuntos_exteriores
operaciones de algroup
conductores de automóviles
utilización de armamento
contencioso de adelshoffen
utilización de tácticas
experiencia de sydney
recolección de cacao
orange_bowl de miami
presidentes de argelia
semifinales de copa
actividades de cdf
diferencias de opinión
accionistas de algroup
condiciones de partida
henry_hayes de denver
gobernación de colombia
posibilidad de veto
responsable de política
combinación de adultos
intenciones de votos
copa_de_oro de fútbol
combinación de moléculas
competencia de asia
conductores de ciclomotores
paradigmas de espiritualidad
plataforma de opinión
producción de michigan
mecanismos de control
campeonato de liga
ejercicios de calentamiento
personajes de dibujos
transporte de vivos
abstención de eh
sociedades de gestión
ampliación de mercados
definición de criterios
estrategas de oficio
sobrevuelo de aeronaves
presidente de brasil
resultados de sectores
operadores de turismo
separación de personas
votaciones de eh
accidentes de auto
presidente de bolivia
secretaria de turismo_de_paraguay
presidente de venezuela
integridad de ánimo
corrientes de opinión
crematorio de birkenau
mecanismos de resguardo
presidenta de afammer
productora de tacos
presidente de snet
tenderetes de cartón
coyunturas de compras
diferencia de presión
diferencia de edad
kilómetros de altura
suspensión de procesos
residentes de umlazi
centenares de artistas
desarrollo de obras
estrategia de supervivencia
biblioteca de vidas
movimiento de información
requisitos de capacitación
fabricante de automóviles
propaganda de naranjas
caballeros de honor
pendientes de bisutería
directivos de baloncesto
compañeros de escaño
compromiso de responsabilidad
comisiones de arbitraje
producción de energía
memorándum de cooperación
ocultación de información
propuestas de renovación
movimiento de carga
entrenador de tenistas
transición de peierls
normativas de derechos_humanos
gobernador de zulia
movimiento de moléculas
movimiento de hostilidad
tribunales de apelación
carburador de inyección
incremento de precio
reparación de ofensas
residencia de los_pinos
carreteras de acceso
propuestas de solución
escarabajo de volkswagen
presidente de rusia
reparación de detroit
dotaciones de plantillas
mecanismos de regulación
refugiados de verulam
limitación de mandatos
licitación de licencias
familiares de lópez_de_coca
armamentos de destrucción
movimiento de empresas
suministro de alimentos
presidente de iberdrola
cuestiones de fondo
aplicación de polímeros
presidente de uruguay
aeropuerto de barajas
repartidor de millardos
nacimiento de cuadernos
secretario de programación_macroeconómica_y_regional
explosivos de origen
presidente de eeuu
existencia de moléculas
fabricante de refrescos
resultados de participación
campeonato de apertura
documentos de votación
diversidad de eeuu
despliegue de tropas
fabricante de cereales
presidente de campofrío
existencia de caballeros
presidente de méxico
transporte de productos
transición de estructura
receptores de sangre
porcentaje de respaldos
gobernador de texas
guarnición de sangre
ministerio de interior
producción de vehículos
acaparador de títulos
matrimonio de interés
peticiones de eta
generación de telefonía
apariencia de justicia
presidente de spanair
presidente de castilla_y_león
marchantes de arte
presidente de navidul
estructura de telia_iberia
compañeros de existencia
frecuencia de oscilación
producción de café
directores de equipo
cordillera de los_andes
chocolates de valladolid
divisiones de rover
propuestas de directiva
ciudadanos de tez
prostituta de lujo
producción de nieve
presidente de confederaciones_rurales_argentinas
delegación de especialistas
movimiento de cargas
cantidades de agentes
territorio de aeronaves
secretario de política
frecuencia de funcionamiento
entrenador de color
presidente de amedec
infernillo de gas
presidente de alcan
institutos de investigación
predecesor de eguiagaray
producción de dispositivos
generación de tecnología
plataneras de plomo
baloncesto de equipo
resonancia de spin
prisionero de guerra
presidente de endesa
esperanzas de verdad
sobredosis de fármacos
compañeros de envite
tecnología de playstation_2
pretensión de eeuu
traficante de personas
despliegue de fuerza
prevención de riesgos
habitantes de sydney
reelección de fujimori
kilómetros de extensión
directores de teatro
desembarco de inversores
mentalidad de bruja
comunicado de prensa
transporte de carga
comunicado de eta
incremento de votos
democracia de colombia
seguidores de inkatha
asociación de malhechores
delegación de tel_aviv
realidades de arbustos
elecciones de florida
demócratas de raza
sociedades de clasificación
conexiones de zznm
residencia de trabajo
trasmisión de datos
operadores de servicios
violinista de auschwitz
porcentaje de tiros
presidente de argentina
generación de fuerzas
max_planck de gottingen
producción de sant_just_desvern
parlamento de irán
diferencia de ipc
imposición de trabajos
entrevista de banzer
desarrollo de programas
desarrollo de andalucía
producción de santa_bárbara
predicción de einstein
defensores de derechos_humanos
centenares de personas
aeropuerto de madrid
secretario de transporte_de_eeuu
petroleros de casco
incremento de población
kilómetros de territorio
producción de aluminio
accidentes de tráfico
exposición de arte
secretaria de trabajo
accidentes de christian_fittipaldi
portavoces de aventis
renovación de cultivos
suplemento de economía
suministro de agua
mecanismos de toma
compañeros de trabajo
amaneceres de cazador
estudiante de fp
porcentaje de fallecimientos
presidente de pimec-sefes
predecesor de fischer
presidente de estados_unidos
presidente de telefónica
campesinos de chiapas
ejercicio de precisión
licencias de móvil
consejero de turismo_y_deporte
licencias de frecuencia_modulada
toneladas de crudo
objetivos de mercado
jactancia de ratitas
concesión de permisos
ministros de transporte_del_hemisferio_occidental
infinidad de gente
preguntas de política
montonera de negros
niño_dios de recambio
esfuerzos de ecuador
servicios de competencia
moléculas de tncq
provincia de kosovo
retención de embarques
servicios de voz
productos de calidad
recordman de asistencias
inflación de eeuu
capacidad de reacción
lendemain de napoleón
propuesta de directiva
ministros de finanzas
shirakawa de poliacetileno
depósitos de agua
contratos de servicios
coalición de socialdemócratas
obtención de derivados
escenario de juegos_olímpicos
políticas de empleo
intuición de naturaleza
exigencia de requisitos
hidrógeno de tipo
dimensión de intimidación
obtención de metales
escopetas de caza
licencias de telefonía
mundiales de atletismo
serpiente de cascabel
formación de etarras
electores de izquierda
propósito de claridad
capacidad de síntesis
necesidad de victoria
toneladas de merluza
formación de conductores
depósitos de aire
privación de derechos
solicitud de asilo
coalición de mori
provincia de quang_tri
inyección de moral
dirección de udalbiltza
jugadores de nacional
potencial de reducción
candidato de iu
hectáreas de bosque
películas de ciencia-ficción
presencia de media_park
nebulosas de colores
servicios de asesoría
selección de fútbol
coalición de banzer
colectivo de trabajadores
reuniones de expertos
volúmenes de producción
coalición de izquierdas
oposición de perú
rematador de cabeza
fortaleza de cuerpo
fronteras de angola
problemas de peso
estrépito de aeropuertos
encuestas de opinión
toneladas de productos
capacidad de reproducción
ejercicio de sufrimiento
comienzos de siglo
parrillas de salidas
formación de ctc
capacidad de organización
formación de mesofases
paciencia de steinbrenner
concejala de medio_ambiente
servicios de conexión
compañías de telecomunicaciones
sanciones de castigo
conseller de economía
ensaladas de frutas
accidente de automóvil
ministros de transporte_de_américa
moléculas de aire
ministros de barbados
productos de lujo
temporada de puesta
películas de polímeros
operadora de turismo
artículos de crítica
ministros de exteriores
detección de enfermedades
documento de identidad
programas de comercialización
triángulo de oro
consejero de empleo_y_asuntos_sociales
escenario de conflicto
arrabales de miseria
bocanadas de humo
ceremonia de repatriación
toneladas de explosivos
impuestos de bush
ciudadano de michigan
debilidad de espíritu
organismo de inversión
gobiernos de panamá
capacidad de producción
explosión de gas
conservas de sangre
situación de transición
capacidad de acción
productor de café
servicios de cable
funerales de obuchi
presencia de aire
intereses de rusia
formación de especies
productos de higiene
velocidad de crucero
comisaria de transportes
combinado de argentina
operación de rescate
dictadura de rominger
filosofía de leibniz
explosión de minas
capacidad de crédito
conceptos de reflexión
intención de concreción
solicitud de extradición
bicicleta de montaña
resultado de suficiencia
moléculas de ttf
programas de asistencia
velódromo de sydney
población de ratas
personaje de novela
problemas de precariedad
actividad de cuba
servicios de internet
proyectos de soberanía
prácticas de monopolio
presencia de ibarretxe
presencia de anillos
contratos de trabajo
corriente de aire
península de sinai
tertulias de café
modalidad de colegios
productos de confección
directivo de baloncesto
hectáreas de cultivos
colección de artículos
embajador de españa
soberanía de méxico
situación de víctima
divinidad de japón
movilidad de posgraduados
monarquía de alfonso_xiii
contratos de patrocinio
infinidad de tareas
formación de compuestos
obtención de aromas
accidente de coche
programas de educación
actuación de emerson
protocolo de otawa
intereses de españa
presencia de ibarrexte
formación de polarones
dirigente de ccoo
barcelona de carlos_barral
detención de decenas
reuniones de negociación
formación de solitones
alcaldesa de santa_coloma_de_gramenet
esperanza de esquina
ejecutivo de coalición
reuniones de vida
servicios de atención
volúmenes de demanda
muchachos de pelo
ejecutiva de cdc
polímeros de aspecto
operación de terra
capacidad de beligerancia
ministros de asuntos_exteriores
propuesta de estados_unidos
toneladas de maíz
registros de sismógrafos
localidad de sagunto
corriente de inversiones
localidad de lavonia
militante de base
ceremonia de nacimiento
condición de emperatriz
promoción de descenso
previsión de cambio
retención de café
nostalgia de africa
opiniones de diputados
ejercicio de distracción
retención de aceite
actividad de carga
ilusiones de victoria
situación de acoso
concesión de ayudas
fronteras de decadencia
documento de votación
liderazgo de maría_elena
tortillas de mission_foods
capacidad de ancho
ministros de transportes
alcaldesa de málaga
servicios de telecomunicaciones
violencia de colombia
ceremonia de homenaje
concesión de licencias
encerrona de port_spain
consejero de economía
tentación de muerte
temporada de reproducción
localidad de carajás
consejero de agricultura
comunidad de lenguaje
semejanza de dios
invasores de marte
programas de mejora
compañero de aventuras
población de gallinetas
seguridad de occidente
selección de australia
potencial de oxidación
fenómenos de impaciencia
recuerdos de universidad
capacidad de influencia
formación de complejos
exigencia de iu
el_campín de bogotá
discípulo de antonio_martínez_cascales
principio de acuerdo
hectáreas de plantación
condición de guía
embajador de eeuu
caballero de honor
necesidad de palabras
complejos de metalomacrociclos
necesidad de paz
proyectos de desarrollo
operadora de rutas
programas de investigación
aventuras de lawrence_de_arabia
propuesta de jack_agrios
colección de talentos
supresión de defensas
temporada de fórmula_uno
jugadores de ataque
intención de voto
ministros de defensa
programas de playstation_2
embajador de ecuador
encuentro de liga
población de timor
programas de gobierno
productos de american_online
descuento de cobreloa
identidad de iu
jugadores de santiago_morning
situación de alerta
novelista de zzciudad
detención de posada_carriles
jugadores de experiencia
respuesta de migración
tertulias de intelectuales
historial de logros
concierto de calypsos
niño_dios de pañal
necesidad de ligandos
denuncias de detención
docilidad de mantequilla
comisario de comercio
reducción de equipos
inyección de ingresos
decomisos de dinero
detención de ciudadanos
satélites de espionaje
requisito de conductividad
ingeniero de mecklenburgo
falaropos de wilson
situación de provisionalidad
prestigio de españa
depósitos de acreedores
registros de aduana
situación de chechenia
intereses de seguridad
capacidad de adaptación
operación de compra
fantasías de culpa
programas de cooperación
avalancha de acontecimientos
capacidad de caja_rural
provincia de badajoz
proyectos de promoción
principio de temporada
seudónimo de g._caín
cisternas de gas
capacidad de pago
infinidad de nebulosas
extensión de internet
solicitud de urgencia
hectáreas de desierto
directivo de anif
reducción de plantilla
selección de canadá
fanáticos de sendero_luminoso
ciclistas de alemania
aventuras de zzto
condición de equipo
denuncias de fraudes
encuentro de vuelta
personaje de ficción
protocolo de venta
empleados de raza
obtención de autorizaciones
jugadores de argentina
presencia de ciu
preguntas de palacios
fumadores de porros
capacidad de trabajo
derivados de ftalocianinas
complejos de transferencia
bacterias de carbunco
tendencia de centroizquierda
consejero de agricultura_y_medio_ambiente
parásitas de sombras
municipio de madridejos
conjuntos de chicos
directora de turismo_de_méxico
colección de moléculas
vecinitas de incubadora
presencia de representantes
oposición de aznar
directiva de sov_invest
inventiva de henry_ford
protocolo de acuerdo
películas de poliacetileno
propuesta de abstención
impresión de persona
capacidad de diálogo
ministros de relaciones_exteriores
escenario de protestas
bebedores de café
situación de daño
inclusión de abogados
provincia de valencia
autopista de peaje
evidencia de madurez
comunidad de nativos
modalidad de espada
tenderete de latas
instante de pánico
proyecto de washington
profesor de ecología
historia de relaciones
ministro de asuntos_exteriores_de_venezuela
ministro de defensa
petición de eeuu
extravío de equipaje
recuento de votos
ausencia de oberto
programa de ordenador
testigos de detenciones
centavos de dólar
víctimas de organizaciones
ministro de industria_y_energía
director de cine
portavoz de eh
libertad de prensa
penumbra de naturaleza
maniobra de cambio
himalaya de san_sebastián
especies de animales
teniente de alcalde
espíritu de inglaterra
historia de colombia
gobierno de coalición
clientes de telefónica
cáscaras de huevo
millones de litros
consumos de luz
pérdidas de huevos
problema de violencia
procesos de planificación
defectos de carbonos
legiones de anticuerpos
procesos de adaptación
ministro de finanzas
técnicas de trazadores
voluntad de pago
estancia de bill_clinton
conjunto de individualidades
solución de principio
contrato de ayuda
cuestión de confianza
hollejos de patata
empresas de coches
estudios de formación
ausencia de baltasar
personas de nacionalidad
millares de páginas
palacios de invierno
millones de toneladas
montañas de escoria
gobierno de alberto_fujimori
creación de empleo
economía de mercado
unidades de información
folletos de propaganda
programa de educación
ministro de hacienda
vectores de contagio
promedio de costa_rica
cláusula de rescisión
comarcas de sur
carácter de estado
director de migración
política de vivienda
cantidad de lino
cantidad de visitantes
invitado de piedra
profecía de el_buitre-nostradamus
arranque de ira
concepto de civilización
programa de televisión_española
permisos de despegue
millones de consumidores
columbia de la_paz
guardias de tráfico
centenar de jornaleros
síndrome de abstinencia
fábricas de daimler
relación de hembras
lágrimas de risa
espíritu de john_f._kennedy
especies de aves
millones de sacas
procesos de desinfección
millones de taiwaneses
lágrimas de tristeza
material de difusión
gobierno de izquierda
sistemas de aviación
decisión de trinidad
portería de abel
ciudades de potosí
nebulosa de orión
barriles de crudo
filósofo de secano
adopción de políticas
ministro de fomento
gobierno de bolivia
ministro de relaciones_exteriores_de_cuba
momentos de alza
cantidad de productos
proyecto de protocolo
sectores de ecuador
problema de colombia
promedio de efectividad
expertos de europa
piquetes de huelga
multitud de arrugas
millones de electores
dimisión de joaquín_almunia
proyecto de fusión
jornadas de competición
empresas de eeuu
personas de sexo
ministro de portugal
variedad de mercados
noticias de esperanza
centenar de oficiales
conjunto de españa
difusión de aerosoles
recuerdo de florentino_ariza
embalaje de productos
variedad de maíz
pistolas de cañón
programa de cómputo
búsqueda de conductores
ganancia de perfección
tambores de guerra
anécdota de ramón_y_cajal
quincena de países
alfombra de latas
igualdad de oportunidades
victoria de inglaterra
gobierno de panamá
material de golf
permisos de operación
sucesión de gestos
libertad de criterio
descuido de fábrica
ministro de transportes
analista de deutsche_bank
permisos de pesca
problema de base
victoria de bush
circuito de montmeló
dimisión de siwiec
banquete de sobras
armarios de cajoneras
cálculos de einstein
atentado de eta
voluntad de fiesta
elección de josé_luis_rodríguez_zapatero
intentos de asesinato
derechos de morales
ausencia de metal
contrato de gestión
producto de laboratorio
director de cultura
varillas de control
apertura de cuba
condados de mayoría
dinámica de deterioro
cantidad de colaboradores
historia de israel
dimisión de weizman
millones de años
ejército de depredadores
caravana de camiones
momentos de reflexión
legiones de oficinistas
cantidad de aire
suburbio de estrasburgo
programa de debates
ausencia de actividad
multitud de poetas
capturas de merluza
objetivo de iber-x
ciudades de quito
política de inmigración
millones de dominicanos
millones de mexicanos
críticas de analistas
teniente de ingenieros
partidos de baloncesto
política de fomento
ciudades de talismán
conjunto de louis_van_gaal
análisis de sangre
acciones de alcan
suplente de eric_murdock
millones de rumanos
palabras de acedo
gobierno de cuba
millones de minas
película de fellini
condados de florida
elección de presidente
bocanada de aire
borrador de conclusiones
libertad de expresión
fracción de segundo
diputado de ucd
marcador de mercurio
apertura de ciclo
cuestión de mapas
cuestión de honor
sistemas de logística
acuerdos de promoción
síntesis de posiciones
gobierno de managua
expertos de sotheby's
hospital de praga
esquemas de ataque
libertad de venta
factores de eternidad
derrotas de fernando_vicente
gobierno de buenos_aires
permisos de residencia
impuesto de renta
tarjetas de turismo
millones de coronas
servicio de salud
sucesión de jordi_pujol
esfuerzo de cambio
programa de stock_options
proyecto de reforma
gabinete de josé_maría_aznar
proyecto de concentración
castillo de naipes
conjunto de huachipato
complejo de bromo-perileno
suplicio de tántalo
interior de núcleo
comisión de arbitraje
profesor de prestigio
división de ascenso
procesos de negociación
combates de trincheras
compañía de internet
ministra de ciencia_y_tecnología
gobierno de estados_unidos
gabinete de mori
política de defensa
servicio de alerta
posición de escarnio
respaldo de j._p._morgan
máquinas de guerra
ciudades de serbia
blanqueo de capitales
tratados de maastricht
contrato de concesión
suciedad de madrid
delegado de iberdrola
centenar de personas
cuestión de empuje
invitada de honor
acusados de crímenes
elección de zapatero
petición de impuesto
reservas de examen
centenar de aviones
frontera de panamá
instante de gloria
partidas de mus
acuerdos de cooperación
centenar de horas
ministro de gobernación
cuestión de estado
amenazas de guerra
millones de unidades
navieras de japón
cantidad de virus
ciudades de brasilia
proyecto de ley
conjunto de países
millares de prostitutas
camisola de seda
estación de tren
sucesión de guerras
diputado de unión_valenciana
procesos de elección
momentos de cambio
aparatos de radiodiagnóstico
contrato de compraventa
subsidio de paro
ministro de luis_xiv
cesiones de activos
sistemas de viso
cataluña de pujol
catedral de burgos
tránsito de terciopelo
traspaso de diego_pablo_simeone
director de investigación
travesía de sant_boi_de_llobregat
división de europa
objetivo de pnv
decisión de corcuera
empresas de servicios
tránsito de camiones
director de tv3
sociedad de consumo
portería de millonarios
montañas de alaska
reservas de oro
pérdidas de balón
programa de apoyo
proyecto de construcción
licencia de circulación
voluntad de renovación
vendedor de hachís
cortinas de lluvia
hacienda de colombia
compañía de servicios
película de polímero
recortes de impuestos
ministro de interior
política de liberalización
estrella de david
escorzos de escalera
gobierno de uruguay
parrilla de salida
descarga de mercancía
millones de sacos
máquinas de vapor
búsqueda de fórmulas
vocación de gol
frontera de timor
elección de peres
invitado de honor
española de origen
millones de telespectadores
empresas de cable
carreras de barcelona
sombrero de copa
ministro de trabajo
garantía de futuro
plenitud de forma
reservas de aguardiente
derroche de tiempo
bravucón de fernández
traspaso de pedro_gonzález
variedad de enfoques
crímenes de guerra
ministro de industria
revuelto de zancadillas
delegado de colombia
millones de beneficios
asientos de representación
veintena de trabajos
igualdad de trato
objetivo de caja_rural
variedad de alimentos
vehículo de vapor
asesinos de personas
reacción de europa
ministro de economía_y_hacienda
tarjetas de crédito
igualdad de derechos
ministro de rusia
grabados de colorines
gobierno de rumanía
ejército de pancho_villa
trabajos de detección
millones de británicos
michelín de parís
subsidio de desempleo
botellas de papel
derrotas de michigan
subastas de arte
ciudades de colombia
depósito de agua
sistemas de compra
millones de peruanos
anclajes de seguridad
procesos de integración
terrenos de juego
logotipo de marbella
portavoz de migración
concepto de tribu
segundos de ventaja
estancia de putin
síntesis de moléculas
promedio de carreras
voluntad de chaves
extremos de belleza
mercados de norteamérica
votantes de izquierdas
película de spielberg
ministro de asuntos_exteriores
política de reformas
política de brazos
trabajos de dragado
software de microsoft
procesos de estadios
comarcas de lérida
trabajos de salvamento
carencia de bigote
analista de ing_barings
discurso de bienvenida
destello de madurez
esquinas de color
retirada de depósitos
historia de españa
operador de telecomunicaciones
demandas de extradición
licencia de explotación
sectores de cdc
gobierno de mayoría
plenitud de condiciones
proyecto de línea
elemento de respuesta
cláusula de exclusión
petición de solidaridad
algarada de convictos
empresas de telecomunicaciones
gobierno de josé_maría_aznar
revancha de militares
derrumbe de ideologías
blanqueo de dinero
pasiones de admiración
embajada de estados_unidos
acciones de iberdrola
cánceres de piel
director de expansión
gobierno de de_la_rúa
carreras de velocidad
opciones de inglaterra
cantidad de empleos
momentos de tirantez
discurso de apertura
voluntad de superación
asamblea de electos
empresas de argentina
talleres de reparación
diplomas de finalistas
abogados de microsoft
material de caza
síntesis de shirakawa
partidos de liga
portavoz de edf
millones de rebaja
jugadora de baloncesto
ministro de relaciones_exteriores
víctimas de manipulaciones
misiones de representación
ambición de perfecciones
músculos de cara
parodias de zznm
tránsito de bares
posesión de ama
negocios de cdf
revuelta de desahuciados
estación de paso
ministro de economía
densidad de defectos
ministro de exteriores
relación de cooperación
millares de pollitos
comandos de jóvenes
procesos de privatización
fórmulas de crecimiento
comisión de investigación
gobierno de chaudhry
traspaso de ivica_banovic
litronas de cristal
problema de celos
solución de disputas
gobierno de mahuad
bombonas de gas
compañía de electricidad
yuntendo de tokio
programa de mejora
cálculos de organizaciones
petición de asilo
variedad de grano
política de washington
dimisión de mori
millones de clientes
búsqueda de ingresos
episodio de santa_bárbara
desierto de soledades
concepto de cultura
partidos de exhibición
licencia de ciclomotores
decisión de telefónica_de_españa
posturas de tirios
ministro de israel
programa de higiene
salarios de miseria
sistemas de economía
millones de artefactos
técnicas de diseminación
millones de personas
reparto de competencias
gracias de trinidad
nombres de casas
décimas de diferencia
paquete de medidas
decenas de ciudadanos
palmera de sagú
ascenso de popularidad
sistema de aniquilación
paraíso de desperdicios
especie de guerra
precios de productos
sótanos de hospitales
emisión de electrones
nombres de emilio_botín
valores de solidaridad
gambito de dama
debates de ciencia-ficción
pruebas de selección
recurso de apelación
vecinos de christiania
pradera de amapolas
estudio de jacanas
puestos de trabajo
cadenas de televisión
ejemplo de consenso
proceso de sanción
partido de haider
valores de a
alcalde de barcelona
hileras de dientes
reunión de hermandad
opinión de ruocco
alardes de antisionismo
trocito de cartón
empujón de barrera
sistema de decisión
ingreso de china
titular de fomento
juicios de valor
alfiler de corbata
proceso de información
técnica de resonancia
condado de broward
apuesta de alvarez_cascos
mayoría de edad
momento de falta
lugares de trabajo
jugador de tenis
postura de ibarrexte
opinión de vargas_llosa
máquina de sutter
sistema de anillo
edición de roland_garros
demanda de extradición
cartera de hacienda
proceso de barcelona
anuncio de despidos
estados de oxidación
cartera de interior
proceso de conducción
escasez de productos
pérdida de presión
corazón de europa
duquesa de fallera
sistema de oferta_pública_de_venta
tráfico de armamento
militar de guardia
jornada de protestas
sistema de contratación
permiso de residencia
partido de derechas
central de gas
período de lactancia
reunión de alcaldes
esquema de juego
comando de experimentación
metales de transición
interés de endesa
autoría de eta
razones de convivencia
deporte de forma
letargo de reptil
tiempos de cristo
periodo de referencia
campaña de cartas
vecinos de barrios
opinión de fidalgo
llegada de guus_hiddink
colecta de fondos
obreros de cellatex
paquete de cigarrillos
hileras de vehículos
campeón de roland_garros
pilotos de taca
sureste de florida
palacio de topkapi
flagelo de fiebre
trámite de solicitud
pósters de ídolos
agencia de calificación
partido de vuelta
grabado de fermina_daza
máquina de gas
actitud de estados_unidos
proceso de dopado
pérdida de electrones
mercado de subastas
espacio de debate
acuerdo de cooperación
energía de eaa
centros de cómputo
partido de rosa_inés_garcía
policía de kwazulu
ventana de palacio
jugador de onteniente
especie de aviso
autores de genocidio
calidad de imagen
compras de documentos
campaña de gore
crédito de estadounidenses
medidas de seguridad
caballo de acero
escenas de garrotazo
terapia de estropajo
asuntos de taiwán
consola de videojuegos
paquete de ondas
retorno de gerardo_iglesias
minutos de lucha
cabezas de listas
mercado de acciones
función de intereses
régimen de fujimori
equipos de telecomunicaciones
arsenal de aparatos
revista de corte
lección de baloncesto
tenorio de zorrilla
sistema de toberas
paquete de luz
medidor de categoría
proceso de paz
andaluz de jaén
defensa de brasil
consumo de drogas
ataques de roberto_moreno
ingreso de dinero
hermano de john
mejoras de eficiencia
peligro de muerte
guisote de testosterona
fuerzas de paz
nombres de modelos
adición de cantidades
aliento de sepulturero
volumen de captura
pueblos de américa_latina
jugador de johannesburgo
canales de televisión
calidad de vicepresidente
intento de atentado
sistema de listas
capital de turingia
señales de reducción
acuerdo de asociación
informe de impacto
máquina de watt
acuerdo de retención
titular de agricultura
especie de genio
montaje de fraude
aumento de sueldo
sistema de ayudas
solidez de bcr
métodos de organización
ordenes de detención
partido de ida
alcance de países
páginas de programación
camisas de antonio
titular de comercio
lugares de aparcamiento
valores de españa
dólares de regalo
entrada de telefónica
volumen de contratación
acuerdo de legislatura
español de américa
sondeos de opinión
gestión de fondos
muertos de hambre
estados de ánimo
mayoría de equipos
tráfico de influencias
recorte de impuestos
demanda de créditos
esmalte de uñas
general de ejército
proceso de construcción
derrota de kasparov
pérdida de imagen
especie de reto
negocio de electricidad
triunfo de alberto_fujimori
jornada de reflexión
finales de año
centros de producción
títulos de repsol_ypf
jornada de éxito
mundial de tenis
reparto de papeles
relevos de jugadores
partido de guatemala
desfile de rostros
huelgas de hambre
colegas de justicia
fuerzas de seguridad
rechazo de pekín
salario de convenio
guerras de familia
nombres de camilo_josé_cela
proceso de cambio
trabajo de precisión
momento de expresión
seguros de accidente
minutos de trabajo
acuerdo de principio
reforma de fondo
cómputo de votos
lección de poderío
trabajo de izquierda_unida
ristras de bits
agentes de seguridad
campaña de peres
paredes de madera
cristal de tipo
migajas de sol
período de gracia
partida de mus
consumo de estupefacientes
especie de trabajo
ráfagas de ametralladora
cuellos de parafina
fuentes de ccoo
amenaza de éxtasis
fuentes de trabajo
terreno de juego
materia de reflexión
rumores de golpe
especie de antesala
oleadas de pancartas
grabado de goya
tensión de fuerzas
arsenal de armas
acuerdo de venta
mensaje de mccain
especie de crédito
parcela de superioridad
especie de sofocón
policía de ecuador
muestra de responsabilidad
condado de palm_beach
premios de silverstone
cuartel de legends_field
momento de fusiones
escaños de representación
cadenas de supermercados
período de independencia
medalla de plata
entrada de capital
actitud de rechazo
proceso de aplicación
órganos de dirección
puertos de valencia
abierto de eeuu
cosecha de café
vacante de abel_matutes
especie de tarjeta
ventana de optimismo
zzlugar de zzciudad
volumen de embarques
consumo de artículos
especie de marca
regreso de irak
centavo de variación
valores de conductividad
consumo de café
alcalde de osaka
botella de ginebra
campaña de recaudación
aspecto de juego
central de producciones
cabezas de ganado
cámaras de comercio
control de dopaje
partido de oposición
sistema de solución
derecho de rusia
jóvenes de kas
volumen de operaciones
racismo de vecindario
agencia de viajes
consejo de telefónica
alcalde de mérida
promesa de recortes
trabajo de costa_rica
partido de liga
pájaros de costa
tráfico de drogas
condado de miami-dade
puertos de montaña
ingreso de ejemplares
arsenal de músculos
captura de merluza
peligro de catástrofe
mayoría de capital
régimen de honecker
postura de egipto
fuentes de suministro
empresa de sondeos
cuartos de final
señales de vida
zumbido de bacterias
agentes de divisas
escasez de alimento
acuerdo de paz
límites de crédito
armario de cocina
muralla de paneles
fichaje de pinillos
acuerdo de fusión
afueras de hanoi
cálculo de probabilidades
octavos de final
órganos de aplicación
pruebas de natación
pruebas de adn
errores de medición
minoría de bloqueo
especie de fiebre
hombres de poder
ronchas de frituras
interés de aznar
hombres de ciencia
especie de referendo
ejemplo de deportividad
mujeres de marinaleda
torneos de cuadra
decenio de cumbres
volumen de negociación
rebaños de ovejas
ensayos de calypsos
reinado de juan_carlos_i
modelos de automóviles
nombres de libertad
fábrica de cerveza
hidrato de carbono
guerras de familias
público de michigan
período de gobierno
bloques de legisladores
volumen de negocio
minoría de especies
carrera de manera
medalla de bronce
capital de navidul
miembro de ecologistas_en_acción
lectura de zzto
aviones de combate
puestos de cabeza
fuerzas de eeuu
títulos de grand_slam
equipos de fútbol
índices de descenso
medidas de protección
ventaja de campo
proceso de primarias
aceptor de electrones
titular de economía
mujeres de izquierda_unida
divisas de rusia
capital de malasia
cámaras de televisión
motores de explosión
embalse de agua
fuentes de financiación
fuentes de tráfico
empresa de internet
carrera de fondo
asuntos de estado
valores de potenciales
cristal de hielo
mayoría de raza
maestro de entrenadores
esquema de gestión
suspiro de alivio
régimen de binimarama
pruebas de alcoholemia
medidas de emergencia
postura de esteve
proceso de recuperación
consejo de ministros
centros de enseñanza
abierto de australia
mayoría de moléculas
empresa de santa_bárbara
mercado de nueva_york
caballo de batalla
tiempos de camareros
figuras de relieve
acuerdo de investidura
pasajes de regreso
penalti de raúl
equipos de seguridad
hazañas de lenoir
pruebas de fuerza
máquina de café
partido de fútbol
derecho de veto
pedaleo de fullana
garitas de madera
jugadas de peligro
fuentes de origen
hombres de kevin_keegan
salones de sociedad
frentes de batalla
central de río_bravo
policía de berlín
crítico de cine
proceso de saneamiento
mayoría de tendencia
entorno de computación
camisas de puños
cartera de exteriores
fuentes de asetraval
atuendo de protección
estados de paraná
lonchas de luz
anuncio de esteve
tónicos de café
colilla de habano
aumento de temperatura
capital de vietnam
debates de boston
cambios de directivos
sanción de pauleta
híbrido de comadre
mercado de trabajo
cuartel de la_tablada
cédulas de identidad
reunión de washington
emisora de fm
recurso de amparo
blancas de kramnik
proceso de reformas
proceso de reunificación
vagidos de bebés
apuesta de rojo
espacio de convivencia
mercado de valores
láminas de cadmio
mayoría de origen
proceso de privatización
colores de euronext
policía de emigración
tratado de roma
sistema de comercio
novelas de aventuras
mundial de fútbol
cultura de modo
anuncio de pere_esteve
entrega de pasajes
escudos de caballeros
jornada de estancia
periodo de sequía
partido de cuartos
batalla de aznar
símbolo de estabilidad
régimen de indemnización
sistema de operación
alcalde de l'hospitalet_de_llobregat
canales de distribución
máquina de vapor
retablo de huberto
mayoría de japoneses
medidas de liberalización
proceso de integración
especie de tercer_reich
término de paterna
divisas de fráncfort
cartera de clientes
honores de jefe_de_estado
arsenal de campaña
puertos de bahía_blanca
mensaje de labores
estudio de impacto
especie de juego
central de ciclo
esquina de cielo
mercado de londres
hombres de pensamiento
medalla de oro
régimen de franco
proceso de datos
maletín de viaje
objetos de observación
aparato de cobro
tarjeta de crédito
códigos de honor
mercado de divisas
escasez de trabajadores
fuerzas de mantenimiento
bandera de bahamas
cambios de fase
sistema de cómputo
sistema de calefacción
rockets de houston
minutos de juego
aparato de captación
lluvia de críticas
estado de bahía
saques de falta
compra de acciones
visita de gaspart
choque de intereses
ataque de millonarios
gramos de alcohol
cascos de botellas
juegos de guerra
bandas de frecuencias
cambio de papeles
planta de producción
juicio de hernando
número de desempleados
radios de van_der_waals
templo de p'hrabat
crisis de credibilidad
novela de zznm
número de sufragios
hambre de huelgas
sombra de durero
objeto de críticas
ciudad de los_angeles
calles de nueva_york
guerra de vietnam
manejo de materiales
puzzle de personajes
oferta de baker
visita de ramadán
barcos de guerra
tercio de carrera
cursos de formación
quinto de caballería
número de escaños
fiesta de plumas
prensa de ronaldo
escala de valores
equipo de discapacitados
gancho de izquierda
teoría de bandas
grupos de acción
laguna de acherón
órgano de dirección
puntos de venta
ciudad de cañete
tiempo de posesión
oferta de diálogo
crujir de dientes
cumbre de líderes
número de barcos
teoría de carrascal
estado de forma
número de posibilidades
nombre de vida
gestor de ventas
motivo de ejemplo
jospin de inmovilismo
tienda de belenes
salida de córdoba
título de erskine
equipo de trabajo
fondos de ayuda
formas de tiempo
legión de policías
formas de participación
cuerpo de mujer
moción de censura
jugada de farol
agenda de trabajo
seguro de vida
campos de tenis
minuto de silencio
precio de quema
equipo de venezuela
metros de altura
puñado de votos
visita de clinton
ráfaga de viento
fútbol de contacto
islote de gruinard
pueblo de chabolas
muerte de saúl_morales
millón de tipos
equipo de baloncesto
prueba de maratón
clases de representaciones
cambio de perspectiva
carbón de muchonggou
nombre de mannesmann_3g
fusión de endesa
estado de caída
regalo de amigos
piloto de formación
dueños de casa
fútbol de guatemala
planta de kellogs
cambio de fechas
página de pasatiempos
medios de diagnóstico
salida de guti
cédula de identidad
número de asientos
ruegos de perdón
cambio de ruedas
líneas de negocio
crisis de oriente_medio
núcleo de europa
asesor de prensa
litros de ácido
equipo de médicos
nombre de bandido
comida de bebés
alerta de tarifas
medida de gracia
riesgo de producción
objeto de intuición
número de pasajeros
número de instalaciones
título de liga
frases de rechazo
juegos de ordenador
tiempo de servidumbre
manojo de estilo
cabreo de corcuera
compra de petróleo
torneo de grand_slam
misión de observadores
barcos de empresas
socios de comercio
cuenta de resultados
reinos de figurones
diario de múnich
hombre de apariencia
nombre de 3g_mobile_gmbh
formas de violencia
conteo de votos
gnomos de plástico
cadena de supermercados
escala de reabastecimiento
número de bandas
torneo de tenis
oferta de trabajo
alarde de festividad
nombre de guerra
clases de democracia
metros de nieve
ciudad de kuito
chicas de sergio_vigil
medios de financiación
restos de comida
ciudad de calama
número de miembros
caudal de experiencia
misión de cooperación
puñado de futbolistas
peajes de españa
número de contratos
cambio de imagen
países de américa_latina
ciudad de potosí
margen de votos
tantos de alberto
brotes de inestabilidad
juegos de sydney
cátodo de polímero
jugada de pablo_lago
sillas de tubos
centro de producción
equipo de santiago_morning
ciudad de kalisz
millón de bacterias
carros de combate
guerra de pekín
tardes de dominó
faltas de ataque
prueba de capacitación
empleo de calidad
tiempo de brisa
número de culturas
equipo de sutter
cartas de extorsión
series de fenómenos
golpes de fondo
comité de coordinación
planes de recorte
tronco de abeto
manual de vuelo
torneo de casablanca
equipo de louis_van_gaal
número de inmigrantes
región de flandes
medios de comunicación
fuerza de gravedad
cambio de equipo
tiempo de ocio
trajes de verano
oferta de interconexión
colega de leipzig
vecino de alcoy
medida de precaución
misión de observación
manejo de empresas
cabeza de zamorano
empleo de moléculas
imagen de niña
millón de toneladas
paleta de artista
índice de inflación
sector de electricidad
comité de empresa
fiesta de parlamentarios
centro de investigaciones
mondas de naranja
equipo de distribución
margen de maniobra
minuto de juego
países de producción
sueños de éxito
pañito de encaje
número de relevos
ámbito de aplicación
acceso de tos
cartel de propaganda
misión de paz
vuelta de josé_luis_corcuera
equipo de unión_española
jj.oo. de amsterdam'28
chaval de regate
número de ex_combatientes
sesión de entrenamientos
gradas de blaugrana
noches de verano
número de ratas
guerra de rusia
título de campeón
cifras de pasajeros
puñado de zurriagazos
mulata de boca
sinfín de ondas
aceite de oliva
estado de minas_gerais
cumbre de reformistas
estado de coma
millar de muertos
fondos de cohesión
antena de radio
margen de intermediación
precio de mayoristas
visión de futuro
método de naarmann
docena de mítines
muerte de peter_dubovsky
cortes de tráfico
amigos de corcuera
marido de penélope
nombre de pilar
número de teléfono
prensa de joan_gaspar
cúpula de eta
camino de tierra
centro de quito
estado de ánimo
nombre de personajes
número de clubes
lindes de deterioro
medios de transporte
sinfín de situaciones
nombre de epsilon
cubata de ron
formas de vida
corona de sotomayor
maraña de convenciones
modelo de comportamiento
lesión de ligamentos
fútbol de ecuador
costas de taiwán
número de militantes
saldos de muertos
cuadro de o'higgins
formas de piel
centro de proceso
cambio de aire
ajuste de políticas
huelga de hambre
saques de banda
número de asaltos
reglas de juego
cartel de metal
millar de personas
centro de barcelona
número de camas
docena de rebotes
página de turismo
estado de derecho
aceras de perfil
crisis de brasil
número de spines
guerra de cuba
fuente de colores
equipo de fútbol
calles de mannheim
salida de mahuad
crisis de kosovo
unidad de discos
cambio de clima
cargos de corrupción
cambio de rasante
bombas de carbunco
fragua de vulcano
pueblo de chibana
decena de kilómetros
trauma de hierro
oferta de empleo
centro de atención
muerte de emil_zatopek
ciudad de luján
número de parados
golpes de pedal
cámara de gas
puntos de encuentro
exceso de precipitaciones
brizna de rebeldía
formas de existencia
estado de embriaguez
hombre de fe
obispo de gante
patrón de intercambio
plazos de alegaciones
pelota de gol
vecina de chechenia
campos de refugiados
trozos de hielo
número de capturas
socios de cgo
cromos de revistas
clases de objetos
hierba de wimbledon
docena de mendigos
docena de candidatos
guerra de al_alamin
toques de atención
normas de contratación
estado de oxidación
medios de abastecimiento
ciudad de concepción
millas de distancia
fuente de faltas
lavado de dinero
metros de distancia
cabeza de lista
barrio de copenhague
centro de acogida
granos de almidón
semana de silencio
planes de pensiones
medios de defensa
cuenta de protección
cuadro de coquimbo_unido
tiempo de silencio
acción de algroup
cadena de noticias
bienes de consumo
oferta de machos
ventas de ganado
deseos de cooperación
viajes de san_francisco
unidad de investigación
tirada de europa
normas de seguridad
estado de tabasco
gastos de manutención
metros de profundidad
cargos de seleccionadores
juicio de alberto_fernández
fondos de inversión
número de marcas
cabeza de steinbrenner
cáncer de mama
núcleo de población
número de casos
motivo de atractivo
torneo de stuttgart
filial de charbonnages_de_france
aceite de colza
empleo de mujeres
cabeza de barrera
metros de altitud
ventas de rover
ciudad de vitoria
cuarto de baño
precio de venta
anales de hechos
prensa de hong_kong
número de adultos
número de mujeres
playas de cancún
cadena de televisión
compra de hidrocarburos
cumbre de helsinki
equipo de manolo_sáiz
anillo de tcnq
sombra de josé_francisco_molina
visita de estado
planta de tratamiento
cumbre de berlín
cambio de estación
límite de compras
costes de producción
baremo de descuentos
listas de espera
compra de granulados
juicio de dios
estado de salud
prueba de fórmula_uno
madera de independientes
agente de relaciones
equipo de radomir_antic
ataque de tony_rominger
oleada de cartas
presos de la_tablada
exceso de licencias
visado de entrada
restos de esperma
ciudad de la_paz
equipo de txetxu_rojo
mínimo de horas
partes de zzto
nombre de gore
golpes de castigo
filial de deutsche_telekom
relato de borges
medios de prensa
pasaje de avión
nombre de connect_austria
nombre de dios
número de moléculas
cúmulo de funciones
jurado de empresa
campos de palestina
acción de oro
regalo de reyes
doctor de oregón
novela de martin_amis
equipo de sala
índice de desempleo
fiesta de fin
jarabe de chocolate
tropas de riad
modelo de estado
número de electrodomésticos
campos de batalla
buques de bandera
calles de londres
seguro de desempleo
plagas de insectos
cifras de personas
remate de cabeza
visita de verdonck
empleo de polímeros
estado de chiapas
número de minas
lienzo de velázquez
equipo de javier_irureta
órgano de solución
agente de paz
número de tomos
número de empresas
nombre de fordismo
subida de tipos
teatro de crisis
montón de papeles
noches de fiebre
fusión de air_europa
estado de manera
cámara de diputados
planes de defensa
décimo de lotería
campos de minas
bandas de frecuencia
cartas de petición
tardes de toros
clubes de perú
trono de carlos_v
serie de asuntos
salto de montalvo
fondo de tinieblas
forma de bandas
lista de acusaciones
tigre de limonar
grupo de obreros
causa de incumplimiento
aviso de desprendimientos
lista de concurrentes
gesto de esteve
nivel de educación
campo de de_la_hoya
señas de identidad
redes de saneamiento
punto de referencia
meses de baja
resto de agassi
datos de cecafé
línea de cortesía
frase de george_bush
mundo de peces
pacto de legislatura
juego de azar
líder de democracia_liberal
campo de verulam
canal de panamá
éxodo de ciudadanos
aires de grandeza
puyas de zznm
plato de judías
tasas de interés
final de copa
carta de intenciones
lista de jugadores
salud de zatopek
pelos de punta
libro de filología
época de cosecha
tipos de duelo
hilos de piedra
bolsa de agua
museo de auschwitz
gramo de hachís
virus de carácter
kilos de café
hitos de enciclopedia
papel de animador
jaula de grillos
novia de philippoussis
viaje de bodas
patín de nieve
ruido de sables
sitio de internet
noche de gloria
polvo de productos
etapa de aceleración
clase de compuestos
amigo de alfonso_guerra
medio de destrucción
clave de playstation_2
golpe de fregona
grupo de jugadores
lista de accionistas
avión de cubana_de_aviación
pasos de pajarito
goles de moisés_avila
campo de refugiados
grupo de espontáneos
toque de alerta
carga de pólvora
horas de violencia
punta de tiros
línea de emergencia
envío de cartas
juego de conjunto
falta de acciones
temas de conversación
ritos de primavera
ancho de banda
armas de cañón
baile de máscaras
padre de nacionalidad
pases de día
suelo de arena
norte de tampico
falta de vida
falta de mano
lance de honor
miles de idiomas
tabla de artilleros
calle de la_reina
meses de gloria
socio de cgo
pizca de azafrán
dosis de credibilidad
resto de países
resto de centroamérica
latas de cerveza
motor de gas
oeste de francia
bomba de efectos
feria de arte
radio de acción
cargo de presidente
papel de periódico
falta de interés
carga de trabajo
campo de confinamiento
censo de militantes
turno de día
resto de jugadores
patio de colegio
villa de santos_de_maimona
robos de identidad
casas de apuestas
clase de yugoslavia
ondas de radio
dosis de magia
marea de añil
tipos de polímeros
magic de orlando
manto de armiño
crudo de serbia
datos de tarjetas
firma de mori
plazo de inscripción
mujer de libros
grupo de miembros
flujo de turistas
lucha de clases
flujo de capital
viuda de nazaret
horas de coche
copos de nieve
tarea de titanes
tubos de metal
caldo de cultivo
serie de derechas
resto de imputados
grupo de tony_rominger
tipos de ave
gordo de navidad
ronda de negociaciones
serie de inspecciones
total de premios
grado de transferencia
cobro de subsidios
nivel de atlanta
grupo de investigadores
cajón de frasquitos
casos de ecuatorianos
grado de inserción
plazo de amortización
autos de vapor
ronda de roland_garros
campo de arroz
papel de juan_carlos_i
cifra de paro
tipos de jugador
marca de chocolates
grupo de sustancias
norte de miami
pelea de selección
marco de dignidad
orgía de consumo
litro de leche
éxito de real_madrid
forma de lesiones
grupo de hombres
juego de tocador
rollo de papel
grupo de amigos
unión de campofrío
tarea de reflexión
falta de experiencia
suelo de chamartín
carga de molécula
fluir de noticias
miedo de austria
acoso de eta
duque de wellington
campo de concentración
grado de competencia
falta de información
forma de protesta
serie de interpelaciones
albas de aguardiente
lista de iu
serie de modificaciones
grado de confusión
serie de iniciativas
campo de aplicación
falta de respeto
plazo de vida
tipos de anticuerpos
trozo de ilusión
línea de modelos
flota de buques
cobro de peaje
horas de combates
clima de crispación
plazo de trabajo
grupo de seguimiento
banda de conducción
jefes de seguridad
marco de encuentro
tinto de verano
gesto de triunfo
línea de ave_madrid-levante
minas de carbón
tubos de ensayo
serie de atribuciones
goles de lanzamiento
bases de datos
silla de enea
ayuda de relojes
ansia de gloria
forma de paramecio
meses de vida
dosis de energía
serie de normas
casos de desamparo
parte de negocio
clase de estudios
forma de ultimátum
golpe de efecto
valor de telefónica
clima de distensión
belén de convulsiones
jefes de gobierno
grado de corrupción
autos de daimler
resto de prioridades
tarde de autos
kilos de explosivos
bomba de hidrógeno
padre de albert_gore
cifra de negocios
grupo de personas
tanto de cabeza
lugar de origen
etapa de relaciones
zonas de estados_unidos
mozas de partido
goles de rodrigo_vilarino
ritmo de crecimiento
marco de amistad
tipos de insectos
parte de aviones
clase de perfección
grupo de soldados
cifra de desempleados
rapto de locura
ronda de competencia
grupo de pioneros
golpe de cabeza
total de contratos
nivel de seguridad
cruce de negra
clase de razonamiento
fecha de lanzamiento
pelea de revancha
tiras de madera
manos de extranjeros
horas de vuelo
líder de udc
dolor de cabeza
meses de cárcel
signo de continuidad
cifra de exportaciones
nivel de desarrollo
serie de precauciones
padre de romario
casos de monopolio
deuda de cuba
miles de personas
cacao de nueva_york
redes de cobro
medio de diagnóstico
baile de millones
error de basualdo
éxito de público
causa de clemente
horas de jornada
bomba de cobalto
medio de esterilización
golpe de intuición
mitad de carrera
venta de drogas
serie de procesos
falta de inversión
tenis de mesa
cupos de pesca
nivel de fermi
banda de valencia
fecha de entrada
tipos de interés
horas de reunión
datos de banesto
campo de entrenamiento
playa de copacabana
asomo de partidismo
grupo de adolescentes
resto de carreras
máser de hidrógeno
trozo de tela
datos de desempleo
forma de guerra
norte de santiago
tapón de cera
minas de oro
turba de palmeras
tomos de halógeno
pista de ademuz
grupo de mayoría
rueda de prensa
falta de pruebas
nivel de especulación
yerro de córdoba
grupo de periodistas
forma de delincuencia
nieve de aire
venta de compañías
tomos de selenio
lista de precios
ciclo de ciclooctatetraenos
datos de personalidades
clase de vehículos
flota de camiones
orden de detención
tenis de sao_paulo
tipos de virus
falta de recubrimiento
resto de europa
resto de modalidades
bolsa de café
madre de enrique_buendía
serie de medidas
falta de transparencia
avión de barak
grito de maricón
grado de control
coche de vapor
censo de afiliados
falta de competencia
oeste de estados_unidos
hijos de jordan
capas de pelo
vapor de agua
hacha de guerra
forma de vida
carné de militante
grupo de mujeres
reina de inglaterra
campo de auschwitz
total de desempleados
signo de debilidad
plato de rata
poder de penetración
venta de energía
ánimo de revancha
obras de arte
valla de protección
duque de feria
salto de energía
obras de ampliación
ideas de cultura
tipos de cáncer
serie de enmiendas
araña de jardín
sudor de ganado
carta de respaldo
toque de queda
apoyo de bz_group_holding_limited
nivel de retenciones
leyes de dios
cañón de nieve
genes de microorganismos
jefes de estado
nobel de física
orden de micras
temas de innovación
datos de revistas
venta de marsans
grupo de investigación
gotas de aguanieve
cargo de delegado
meses de funcionamiento
casos de robos
novia de benet
calor de abrigo
campo de estudio
clave de soberanía
bolsa de telefónica
parto de cesárea
falta de previsión
gotas de agua
golpe de carolina_del_sur
tomos de helio
nivel de inflación
bucks de milwaukee
venta de pasajes
nivel de intermediación
punto de vista
línea de meta
fecha de caducidad
salto de altura
metal de transición
norte de egipto
juego de ataques
traje de color
fondo de inversión
marco de respeto
golpe de estado
deseo de amistad
panza de burro
marco de fondo
armas de fuego
parte de razón
clase de materiales
socio de referencia
línea de trabajo
silla de ruedas
golpe de timón
cajas de refrescos
horas de formación
balón de oro
carta de marmota
riñas de vecindad
venta de land_rover
lugar de pastoreo
motor de combustión
resto de partidos
tacos de estados_unidos
marca de lujo
serie de consideraciones
línea de crédito
copos de avena
motor de explosión
falta de apoyo
miles de pacientes
punto de partida
llave de paso
lista de fraudes
falta de jugadores
litro de sangre
meses de campaña
meses de trabajo
trata de blancas
grado de impopularidad
foso de longitud
cita de primavera
amor de uso
tipo de problemas
tope de resistencia
tipo de inversiones
tipo de reglas
años de edad
zona de distensión
casa de florencia
país de acogida
mano de obra
jefe de prensa
club de fútbol
raza de zznm
tipo de oferta
años de antigüedad
jefe de bmw
idea de ecuador
caso de gemelos
fila de ladrillos
fase de incorporación
tomo de azufre
vías de solución
tipo de interés
tipo de países
vida de freeman
cosa de agricultura
cara de cabreo
fase de maduración
tipo de polémica
tipo de minas
caso de alejandro_pushkin
años de ausencia
pago de capital
tasa de paro
vida de pilar
dedo de gitano
años de dominio
base de datos
robo de información
plan de promoción
zona de meta
zona de el_alamein
casa de alquiler
jefe de relaciones
caso de teddy_roosevelt
acto de protesta
cena de fin
fase de clasificación
días de negociaciones
acto de covas
casa de freeman
cine de autor
años de gestión
hilo de nylon
días de mercado
sima de zzlugar
toma de agua
dama de cartón
plan de ajuste
caja de ahorros
hoja de aluminio
rayo de sol
fpoe de hilmar_kabas
hoja de papel
caso de sao_paulo
meta de nelson_patiño
zona de descenso
acta de diputado
mazo de hojas
gama de valores
cabo de habano
capa de ozono
años de cautiverio
plan de renovación
ogro de bakú
auge de gasolina
toma de decisión
cara de científico
liga de colombia
tasa de alcohol
años de plazo
juez de barcelona
tipo de disciplinas
tipo de cambio
país de origen
edad de oro
tipo de publicidad
taza de café
mina de carbón
tipo de armas
masa de aire
aves de poliandria
tipo de arma
amas de casa
gama de servicios
tasa de temporalidad
tipo de comicidad
jefe de estado
tasa de interés
lado de romario
país de europa_del_este
toma de posesión
tipo de contrato
vías de exportación
gama de virus
foro de unidad
fila de toberas
país de oradores
aire de feria
base de operaciones
años de trabajo
tipo de coacción
tipo de contratación
seno de ciu
tren de homebush
años de democracia
tasa de desempleo
meta de buyo
tipo de material
paro de forma
mano de betún
tipo de bombas
tipo de remuneraciones
café de koninck
juez de instrucción
años de vida
casa de juan_benet
acto de resistencia
capa de esclavina
plan de negocio
tipo de maíz
área de corozal_oeste
hijo de ramera
isla de ko_samui
tasa de gasto
caso de oscar_garcía
años de medios
piel de toro
zona de puntos
meta de l'alcudia
pase de lobatón
troy de oro
ruso de vladikavkaz
toma de conciencia
tipo de ensañamiento
tipo de enfermedades
plan de retención
tipo de misión
tubo de pasta
años de reinado
nota de prensa
toma de decisiones
plan de inversiones
años de gobierno
zumo de naranja
muro de ladrillo
nodo de litio-aluminio
tipo de proyecto
este de europa
tipo de células
caos de impresiones
caso de argentina
cupo de pesca
tipo de radiación
onda de tv-in
mesa de recepción
caso de rominger
fase de desarrollo
tiro de oneto
tipo de actividades
café de costa_rica
idea de feria
caso de caridad
nexo de unión
años de existencia
sopa de luces
tipo de virus
casa de vallvidrera
país de emisión
isla de okinawa
tipo de negocios
jefe de sidney_pollack
plan de futuro
días de sombra
tipo de normas
jefa de información
años de diferencia
caja de pandora
años de prisión
voto de castigo
años de cárcel
idea de cultura
caso de embraer
agua de soda
pata de gallo
base de gondomar
plan de reurbanización
isla de cuba
vida de moyano
red de internet
ley de reforma
sur de líbano
día de reyes
paz de oriente_medio
fin de año
par de días
mal de ojo
ola de indignación
ron de caña
vía de comunicación
uso de programas
sur de francia
día de otoño
sur de madrid
año de bienes
año de prisión
voz de biscuter
día de descanso
par de años
año de cárcel
día de competición
sur de lima
fin de semana
uso de iperita
sur de durban
par de entrevistas
sur de brasil
ley de defensa
ola de ventas
vía de agua
sur de santiago
gol de penalti
sur de pará
año de nieves
uso de radiaciones
red de telefonía
uso de granulados
uso de información
bar de filosofía_y_letras
gas de alumbrado
ala de rey
día de cabeza
día de huelga
mal de gehring
uso de ligandos
don de naturaleza
ola de frío
gol de kodro
paz de colombia
gol de ramírez
mar de bárents
par de palmadas
ley de telecomunicaciones
ama de casa
vía de absurdo
vía de delegación
sol de maracas_bay
cv de potencia
b de propiedad
n de moléculas
